<?xml version="1.0" encoding="UTF-8"?>
<testng-results skipped="0" failed="1" total="1" passed="0">
  <reporter-output>
    <line>
      <![CDATA[setKycTestLogger]]>
    </line>
    <line>
      <![CDATA[setMailClient]]>
    </line>
    <line>
      <![CDATA[Suit Logs]]>
    </line>
  </reporter-output>
  <suite name="Default suite" duration-ms="14615" started-at="2017-07-28T12:19:17Z" finished-at="2017-07-28T12:19:32Z">
    <groups>
    </groups>
    <test name="Default test" duration-ms="14615" started-at="2017-07-28T12:19:17Z" finished-at="2017-07-28T12:19:32Z">
      <class name="com.markit.kyc.citrus.BatchUploadTest">
        <test-method status="PASS" signature="beforeSuite(org.testng.ITestContext)[pri:0, instance:com.markit.kyc.citrus.BatchUploadTest@a9cd3b1]" name="beforeSuite" is-config="true" duration-ms="11649" started-at="2017-07-28T17:49:06Z" finished-at="2017-07-28T17:49:17Z">
          <params>
            <param index="0">
              <value>
                <![CDATA[org.testng.TestRunner@4bdf]]>
              </value>
            </param>
          </params>
          <reporter-output>
            <line>
              <![CDATA[setKycTestLogger]]>
            </line>
            <line>
              <![CDATA[setMailClient]]>
            </line>
            <line>
              <![CDATA[Suit Logs]]>
            </line>
          </reporter-output>
        </test-method> <!-- beforeSuite -->
        <test-method status="PASS" signature="springTestContextPrepareTestInstance()[pri:0, instance:com.markit.kyc.citrus.BatchUploadTest@a9cd3b1]" name="springTestContextPrepareTestInstance" is-config="true" duration-ms="1" started-at="2017-07-28T17:49:17Z" depends-on-methods="org.springframework.test.context.testng.AbstractTestNGSpringContextTests.springTestContextBeforeTestClass" finished-at="2017-07-28T17:49:17Z">
          <reporter-output>
          </reporter-output>
        </test-method> <!-- springTestContextPrepareTestInstance -->
        <test-method status="PASS" signature="springTestContextBeforeTestClass()[pri:0, instance:com.markit.kyc.citrus.BatchUploadTest@a9cd3b1]" name="springTestContextBeforeTestClass" is-config="true" duration-ms="0" started-at="2017-07-28T17:49:17Z" finished-at="2017-07-28T17:49:17Z">
          <reporter-output>
          </reporter-output>
        </test-method> <!-- springTestContextBeforeTestClass -->
        <test-method status="PASS" signature="createTestRunners()[pri:0, instance:com.markit.kyc.citrus.BatchUploadTest@a9cd3b1]" name="createTestRunners" is-config="true" duration-ms="4" started-at="2017-07-28T17:49:17Z" finished-at="2017-07-28T17:49:17Z">
          <reporter-output>
          </reporter-output>
        </test-method> <!-- createTestRunners -->
        <test-method status="PASS" signature="springTestContextBeforeTestMethod(java.lang.reflect.Method)[pri:0, instance:com.markit.kyc.citrus.BatchUploadTest@a9cd3b1]" name="springTestContextBeforeTestMethod" is-config="true" duration-ms="1" started-at="2017-07-28T17:49:17Z" finished-at="2017-07-28T17:49:17Z">
          <params>
            <param index="0">
              <value>
                <![CDATA[public void com.markit.kyc.citrus.BatchUploadTest.batchUploadTest()]]>
              </value>
            </param>
          </params>
          <reporter-output>
          </reporter-output>
        </test-method> <!-- springTestContextBeforeTestMethod -->
        <test-method status="FAIL" signature="batchUploadTest()[pri:0, instance:com.markit.kyc.citrus.BatchUploadTest@a9cd3b1]" name="batchUploadTest" duration-ms="14597" started-at="2017-07-28T17:49:17Z" finished-at="2017-07-28T17:49:32Z">
          <exception class="com.consol.citrus.exceptions.TestCaseFailedException">
            <message>
              <![CDATA[Test case failed]]>
            </message>
            <full-stacktrace>
              <![CDATA[com.consol.citrus.exceptions.TestCaseFailedException: Test case failed
	at com.consol.citrus.TestCase.doExecute(TestCase.java:91)
	at com.consol.citrus.actions.AbstractTestAction.execute(AbstractTestAction.java:42)
	at com.consol.citrus.testng.AbstractTestRunner.run(AbstractTestRunner.java:40)
	at com.consol.citrus.testng.AbstractTestNGCitrusTest.run(AbstractTestNGCitrusTest.java:90)
	at sun.reflect.NativeMethodAccessorImpl.invoke0(Native Method)
	at sun.reflect.NativeMethodAccessorImpl.invoke(NativeMethodAccessorImpl.java:62)
	at sun.reflect.DelegatingMethodAccessorImpl.invoke(DelegatingMethodAccessorImpl.java:43)
	at java.lang.reflect.Method.invoke(Method.java:483)
	at org.testng.internal.MethodInvocationHelper.invokeHookable(MethodInvocationHelper.java:212)
	at org.testng.internal.Invoker.invokeMethod(Invoker.java:707)
	at org.testng.internal.Invoker.invokeTestMethod(Invoker.java:901)
	at org.testng.internal.Invoker.invokeTestMethods(Invoker.java:1231)
	at org.testng.internal.TestMethodWorker.invokeTestMethods(TestMethodWorker.java:127)
	at org.testng.internal.TestMethodWorker.run(TestMethodWorker.java:111)
	at org.testng.TestRunner.privateRun(TestRunner.java:767)
	at org.testng.TestRunner.run(TestRunner.java:617)
	at org.testng.SuiteRunner.runTest(SuiteRunner.java:348)
	at org.testng.SuiteRunner.runSequentially(SuiteRunner.java:343)
	at org.testng.SuiteRunner.privateRun(SuiteRunner.java:305)
	at org.testng.SuiteRunner.run(SuiteRunner.java:254)
	at org.testng.SuiteRunnerWorker.runSuite(SuiteRunnerWorker.java:52)
	at org.testng.SuiteRunnerWorker.run(SuiteRunnerWorker.java:86)
	at org.testng.TestNG.runSuitesSequentially(TestNG.java:1224)
	at org.testng.TestNG.runSuitesLocally(TestNG.java:1149)
	at org.testng.TestNG.run(TestNG.java:1057)
	at org.testng.remote.AbstractRemoteTestNG.run(AbstractRemoteTestNG.java:126)
	at org.testng.remote.RemoteTestNG.initAndRun(RemoteTestNG.java:137)
	at org.testng.remote.RemoteTestNG.main(RemoteTestNG.java:58)
Caused by: com.consol.citrus.exceptions.CitrusRuntimeException: Admin Batch upload failed
	at com.consol.citrus.actions.FailAction.doExecute(FailAction.java:40)
	at com.consol.citrus.actions.AbstractTestAction.execute(AbstractTestAction.java:42)
	at com.consol.citrus.container.Conditional.doExecute(Conditional.java:60)
	at com.consol.citrus.actions.AbstractTestAction.execute(AbstractTestAction.java:42)
	at com.consol.citrus.TestCase.run(TestCase.java:190)
	at com.consol.citrus.TestCase.doExecute(TestCase.java:86)
	... 27 more
]]>
            </full-stacktrace>
          </exception> <!-- com.consol.citrus.exceptions.TestCaseFailedException -->
          <reporter-output>
          </reporter-output>
        </test-method> <!-- batchUploadTest -->
        <test-method status="PASS" signature="springTestContextAfterTestMethod(java.lang.reflect.Method)[pri:0, instance:com.markit.kyc.citrus.BatchUploadTest@a9cd3b1]" name="springTestContextAfterTestMethod" is-config="true" duration-ms="1" started-at="2017-07-28T17:49:32Z" finished-at="2017-07-28T17:49:32Z">
          <params>
            <param index="0">
              <value>
                <![CDATA[public void com.markit.kyc.citrus.BatchUploadTest.batchUploadTest()]]>
              </value>
            </param>
          </params>
          <reporter-output>
          </reporter-output>
        </test-method> <!-- springTestContextAfterTestMethod -->
        <test-method status="PASS" signature="springTestContextAfterTestClass()[pri:0, instance:com.markit.kyc.citrus.BatchUploadTest@a9cd3b1]" name="springTestContextAfterTestClass" is-config="true" duration-ms="0" started-at="2017-07-28T17:49:32Z" finished-at="2017-07-28T17:49:32Z">
          <reporter-output>
          </reporter-output>
        </test-method> <!-- springTestContextAfterTestClass -->
        <test-method status="PASS" signature="afterSuite(org.testng.ITestContext)[pri:0, instance:com.markit.kyc.citrus.BatchUploadTest@a9cd3b1]" name="afterSuite" is-config="true" duration-ms="18" started-at="2017-07-28T17:49:32Z" finished-at="2017-07-28T17:49:32Z">
          <params>
            <param index="0">
              <value>
                <![CDATA[org.testng.TestRunner@4bdf]]>
              </value>
            </param>
          </params>
          <reporter-output>
          </reporter-output>
        </test-method> <!-- afterSuite -->
      </class> <!-- com.markit.kyc.citrus.BatchUploadTest -->
    </test> <!-- Default test -->
  </suite> <!-- Default suite -->
</testng-results>
